mode: count
exmple.com/hello/algo/binary_tree/binary_tree.go:18.28,20.2 1 7
exmple.com/hello/algo/binary_tree/binary_tree.go:22.46,23.14 1 15
exmple.com/hello/algo/binary_tree/binary_tree.go:23.14,27.3 3 7
exmple.com/hello/algo/binary_tree/binary_tree.go:30.83,32.27 2 7
exmple.com/hello/algo/binary_tree/binary_tree.go:36.2,40.28 4 6
exmple.com/hello/algo/binary_tree/binary_tree.go:43.2,46.10 4 3
exmple.com/hello/algo/binary_tree/binary_tree.go:32.27,34.3 1 1
exmple.com/hello/algo/binary_tree/binary_tree.go:40.28,42.3 1 3
exmple.com/hello/algo/binary_tree/binary_tree.go:49.79,50.42 1 3
exmple.com/hello/algo/binary_tree/binary_tree.go:55.2,55.11 1 0
exmple.com/hello/algo/binary_tree/binary_tree.go:50.42,51.25 1 7
exmple.com/hello/algo/binary_tree/binary_tree.go:51.25,53.4 1 3
exmple.com/hello/algo/binary_tree/binary_tree.go:58.40,64.2 5 42
exmple.com/hello/algo/binary_tree/binary_tree.go:66.37,67.6 1 1
exmple.com/hello/algo/binary_tree/binary_tree.go:74.2,74.10 1 1
exmple.com/hello/algo/binary_tree/binary_tree.go:67.6,68.20 1 2
exmple.com/hello/algo/binary_tree/binary_tree.go:68.20,70.4 1 1
exmple.com/hello/algo/binary_tree/binary_tree.go:70.9,71.9 1 1
exmple.com/hello/algo/binary_tree/binary_tree.go:77.37,78.6 1 1
exmple.com/hello/algo/binary_tree/binary_tree.go:85.2,85.10 1 1
exmple.com/hello/algo/binary_tree/binary_tree.go:78.6,79.21 1 4
exmple.com/hello/algo/binary_tree/binary_tree.go:79.21,81.4 1 3
exmple.com/hello/algo/binary_tree/binary_tree.go:81.9,82.9 1 1
exmple.com/hello/algo/binary_tree/binary_tree.go:89.48,91.14 2 36
exmple.com/hello/algo/binary_tree/binary_tree.go:108.2,108.10 1 36
exmple.com/hello/algo/binary_tree/binary_tree.go:91.14,92.20 1 33
exmple.com/hello/algo/binary_tree/binary_tree.go:92.20,93.21 1 6
exmple.com/hello/algo/binary_tree/binary_tree.go:93.21,95.5 1 0
exmple.com/hello/algo/binary_tree/binary_tree.go:95.10,97.5 1 6
exmple.com/hello/algo/binary_tree/binary_tree.go:98.9,98.27 1 27
exmple.com/hello/algo/binary_tree/binary_tree.go:98.27,99.22 1 27
exmple.com/hello/algo/binary_tree/binary_tree.go:99.22,101.5 1 17
exmple.com/hello/algo/binary_tree/binary_tree.go:101.10,103.5 1 10
exmple.com/hello/algo/binary_tree/binary_tree.go:105.8,107.3 1 3
exmple.com/hello/algo/binary_tree/binary_tree.go:111.49,120.38 2 2
exmple.com/hello/algo/binary_tree/binary_tree.go:123.2,123.10 1 2
exmple.com/hello/algo/binary_tree/binary_tree.go:120.38,122.3 1 12
exmple.com/hello/algo/binary_tree/binary_tree.go:126.52,127.14 1 13
exmple.com/hello/algo/binary_tree/binary_tree.go:132.2,132.10 1 13
exmple.com/hello/algo/binary_tree/binary_tree.go:127.14,131.3 3 6
exmple.com/hello/algo/binary_tree/binary_tree.go:135.48,136.6 1 1
exmple.com/hello/algo/binary_tree/binary_tree.go:147.2,147.10 1 1
exmple.com/hello/algo/binary_tree/binary_tree.go:136.6,137.33 1 2
exmple.com/hello/algo/binary_tree/binary_tree.go:137.33,138.21 1 1
exmple.com/hello/algo/binary_tree/binary_tree.go:138.21,140.5 1 0
exmple.com/hello/algo/binary_tree/binary_tree.go:140.10,142.5 1 1
exmple.com/hello/algo/binary_tree/binary_tree.go:143.9,144.9 1 1
exmple.com/hello/algo/binary_tree/binary_tree.go:150.34,151.20 1 1
exmple.com/hello/algo/binary_tree/binary_tree.go:151.20,153.3 1 1
exmple.com/hello/algo/binary_tree/binary_tree.go:153.8,155.7 2 0
exmple.com/hello/algo/binary_tree/binary_tree.go:163.3,163.11 1 0
exmple.com/hello/algo/binary_tree/binary_tree.go:155.7,156.31 1 0
exmple.com/hello/algo/binary_tree/binary_tree.go:156.31,159.5 2 0
exmple.com/hello/algo/binary_tree/binary_tree.go:159.10,160.10 1 0
exmple.com/hello/algo/binary_tree/binary_tree.go:167.34,168.19 1 0
exmple.com/hello/algo/binary_tree/binary_tree.go:168.19,170.3 1 0
exmple.com/hello/algo/binary_tree/binary_tree.go:170.8,172.7 2 0
exmple.com/hello/algo/binary_tree/binary_tree.go:180.3,180.11 1 0
exmple.com/hello/algo/binary_tree/binary_tree.go:172.7,173.32 1 0
exmple.com/hello/algo/binary_tree/binary_tree.go:173.32,176.5 2 0
exmple.com/hello/algo/binary_tree/binary_tree.go:176.10,177.10 1 0
